[28-Feb-2013 16:30:41 UTC] PHP Notice:  Constant DATABASE_USER already defined in C:\wamp\www\controlPanel\bin\database_connection.php on line 4

[28-Feb-2013 16:30:41 UTC] PHP Stack trace:

[28-Feb-2013 16:30:41 UTC] PHP   1. {main}() C:\wamp\www\controlPanel\login.php:0

[28-Feb-2013 16:30:41 UTC] PHP   2. include() C:\wamp\www\controlPanel\login.php:3

[28-Feb-2013 16:30:41 UTC] PHP   3. define() C:\wamp\www\controlPanel\bin\database_connection.php:4

[28-Feb-2013 16:30:41 UTC] PHP Notice:  Constant DATABASE_PASSWORD already defined in C:\wamp\www\controlPanel\bin\database_connection.php on line 5

[28-Feb-2013 16:30:41 UTC] PHP Stack trace:

[28-Feb-2013 16:30:41 UTC] PHP   1. {main}() C:\wamp\www\controlPanel\login.php:0

[28-Feb-2013 16:30:41 UTC] PHP   2. include() C:\wamp\www\controlPanel\login.php:3

[28-Feb-2013 16:30:41 UTC] PHP   3. define() C:\wamp\www\controlPanel\bin\database_connection.php:5

[28-Feb-2013 16:30:41 UTC] PHP Notice:  Constant DATABASE_HOST already defined in C:\wamp\www\controlPanel\bin\database_connection.php on line 6

[28-Feb-2013 16:30:41 UTC] PHP Stck trace:

[28-Feb-2013 16:30:41 UTC] PHP   1. {main}() C:\wamp\www\controlPanel\login.php:0

[28-Feb-2013 16:30:41 UTC] PHP   2. include() C:\wamp\www\controlPanel\login.php:3

[28-Feb-2013 16:30:41 UTC] PHP   3. define() C:\wamp\www\controlPanel\bin\database_connection.php:6

[28-Feb-2013 16:30:41 UTC] PHP Notice:  Constant DATABASE_NAME already defined in C:\wamp\www\controlPanel\bin\database_connection.php on line 7

[28-Feb-2013 16:30:41 UTC] PHP Stack trace:

[28-Feb-2013 16:30:41 UTC] PHP   1. {main}() C:\wamp\www\controlPanel\login.php:0

[28-Feb-2013 16:30:41 UTC] PHP   2. include() C:\wamp\www\controlPanel\login.php:3

[28-Feb-2013 16:30:41 UTC] PHP   3. define() C:\wamp\www\controlPanel\bin\database_connection.php:7

[28-Feb-2013 16:31:29 UTC] PHP Deprecated:  Function MongoDB::authenticate() is deprecated in C:\wamp\www\controlPanel\login.php on line 41

[28-Feb-2013 16:31:29 UTC] PHP Stack trace:

[28-Feb-2013 16:31:29 UTC] PHP   1. {main}() C:\wamp\www\controlPanel\login.php:0

[28-Feb-2013 16:36:01 UTC] PHP Notice:  Undefined variable: id in C:\wamp\www\controlPanel\login.php on line 50

[28-Feb-2013 16:36:01 UTC] PHP Stack trace:

[28-Feb-2013 16:36:01 UTC] PHP   1. {main}() C:\wamp\www\controlPanel\login.php:0

[28-Feb-2013 16:36:01 UTC] PHP Fatal error:  Cannot access empty property in C:\wamp\www\controlPanel\login.php on line 50

[28-Feb-2013 16:36:01 UTC] PHP Stack trace:

[28-Feb-2013 16:36:01 UTC] PHP   1. {main}() C:\wamp\www\controlPanel\login.php:0

[28-Feb-2013 16:36:21 UTC] PHP Notice:  Undefined variable: id in C:\wamp\www\controlPanel\login.php on line 51

[28-Feb-2013 16:36:21 UTC] PHP Stack trace:

[28-Feb-2013 16:36:21 UTC] PHP   1. {main}() C:\wamp\www\controlPanel\login.php:0

[28-Feb-2013 16:36:21 UTC] PHP Fatal error:  Cannot access empty property in C:\wamp\www\controlPanel\login.php on line 51

[28-Feb-2013 16:36:21 UTC] PHP Stack trace:

[28-Feb-2013 16:36:21 UTC] PHP   1. {main}() C:\wamp\www\controlPanel\login.php:0

[28-Feb-2013 16:36:42 UTC] PHP Notice:  Undefined offset: 0 in C:\wamp\www\controlPanel\login.php on line 51

[28-Feb-2013 16:36:42 UTC] PHP Stack trace:

[28-Feb-2013 16:36:42 UTC] PHP   1. {main}() C:\wamp\www\controlPanel\login.php:0

[28-Feb-2013 16:36:42 UTC] PHP Notice:  Undefined variable: id in C:\wamp\www\controlPanel\login.php on line 51

[28-Feb-2013 16:36:42 UTC] PHP Stack trace:

[28-Feb-2013 16:36:42 UTC] PHP   1. {main}() C:\wamp\www\controlPanel\login.php:0

[28-Feb-2013 16:36:42 UTC] PHP Notice:  Trying to get property of non-object in C:\wamp\www\controlPanel\login.php on line 51

[28-Feb-2013 16:36:42 UTC] PHP Stack trace:

[28-Feb-2013 16:36:42 UTC] PHP   1. {main}() C:\wamp\www\controlPanel\login.php:0

[28-Feb-2013 16:37:04 UTC] PHP Notice:  Undefined variable: id in C:\wamp\www\controlPanel\login.php on line 51

[28-Feb-2013 16:37:04 UTC] PHP Stack trace:

[28-Feb-2013 16:37:04 UTC] PHP   1. {main}() C:\wamp\www\controlPanel\login.php:0

[28-Feb-2013 16:37:04 UTC] PHP Fatal error:  Cannot access empty property in C:\wamp\www\controlPanel\login.php on line 51

[28-Feb-2013 16:37:04 UTC] PHP Stack trace:

[28-Feb-2013 16:37:04 UTC] PHP   1. {main}() C:\wamp\www\controlPanel\login.php:0

[28-Feb-2013 16:44:11 UTC] PHP Notice:  A session had already been started - ignoring session_start() in C:\wamp\www\controlPanel\index.php on line 12

[28-Feb-2013 16:44:11 UTC] PHP Stack trace:

[28-Feb-2013 16:44:11 UTC] PHP   1. {main}() C:\wamp\www\controlPanel\index.php:0

[28-Feb-2013 16:44:11 UTC] PHP   2. session_start() C:\wamp\www\controlPanel\index.php:12

[28-Feb-2013 16:44:11 UTC] PHP Notice:  A session had already been started - ignoring session_start() in C:\wamp\www\controlPanel\index.php on line 12

[28-Feb-2013 16:44:11 UTC] PHP Stack trace:

[28-Feb-2013 16:44:11 UTC] PHP   1. {main}() C:\wamp\www\controlPanel\index.php:0

[28-Feb-2013 16:44:11 UTC] PHP   2. session_start() C:\wamp\www\controlPanel\index.php:12

[28-Feb-2013 16:45:05 UTC] PHP Notice:  main() [<a href='function.main'>function.main</a>]: The script tried to execute a method or access a property of an incomplete object. Please ensure that the class definition &quot;User&quot; of the object you are trying to operate on was loaded _before_ unserialize() gets called or provide a __autoload() function to load the class definition  in C:\wamp\www\controlPanel\template\header.php on line 22

[28-Feb-2013 16:45:05 UTC] PHP Stack trace:

[28-Feb-2013 16:45:05 UTC] PHP   1. {main}() C:\wamp\www\controlPanel\index.php:0

[28-Feb-2013 16:45:05 UTC] PHP   2. include() C:\wamp\www\controlPanel\index.php:12

[28-Feb-2013 16:45:05 UTC] PHP Notice:  Undefined variable: user in C:\wamp\www\controlPanel\index.php on line 22

[28-Feb-2013 16:45:05 UTC] PHP Stack trace:

[28-Feb-2013 16:45:05 UTC] PHP   1. {main}() C:\wamp\www\controlPanel\index.php:0

[28-Feb-2013 16:45:05 UTC] PHP Fatal error:  Call to a member function get_preference() on a non-object in C:\wamp\www\controlPanel\index.php on line 22

[28-Feb-2013 16:45:05 UTC] PHP Stack trace:

[28-Feb-2013 16:45:05 UTC] PHP   1. {main}() C:\wamp\www\controlPanel\index.php:0

[28-Feb-2013 16:45:05 UTC] PHP Notice:  main() [<a href='function.main'>function.main</a>]: The script tried to execute a method or access a property of an incomplete object. Please ensure that the class definition &quot;User&quot; of the object you are trying to operate on was loaded _before_ unserialize() gets called or provide a __autoload() function to load the class definition  in C:\wamp\www\controlPanel\template\header.php on line 22

[28-Feb-2013 16:45:05 UTC] PHP Stack trace:

[28-Feb-2013 16:45:05 UTC] PHP   1. {main}() C:\wamp\www\controlPanel\index.php:0

[28-Feb-2013 16:45:05 UTC] PHP   2. include() C:\wamp\www\controlPanel\index.php:12

[28-Feb-2013 16:45:06 UTC] PHP Notice:  Undefined variable: user in C:\wamp\www\controlPanel\index.php on line 22

[28-Feb-2013 16:45:06 UTC] PHP Stack trace:

[28-Feb-2013 16:45:06 UTC] PHP   1. {main}() C:\wamp\www\controlPanel\index.php:0

[28-Feb-2013 16:45:06 UTC] PHP Fatal error:  Call to a member function get_preference() on a non-object in C:\wamp\www\controlPanel\index.php on line 22

[28-Feb-2013 16:45:06 UTC] PHP Stack trace:

[28-Feb-2013 16:45:06 UTC] PHP   1. {main}() C:\wamp\www\controlPanel\index.php:0

[28-Feb-2013 16:45:34 UTC] PHP Notice:  main() [<a href='function.main'>function.main</a>]: The script tried to execute a method or access a property of an incomplete object. Please ensure that the class definition &quot;User&quot; of the object you are trying to operate on was loaded _before_ unserialize() gets called or provide a __autoload() function to load the class definition  in C:\wamp\www\controlPanel\template\header.php on line 22

[28-Feb-2013 16:45:34 UTC] PHP Stack trace:

[28-Feb-2013 16:45:34 UTC] PHP   1. {main}() C:\wamp\www\controlPanel\index.php:0

[28-Feb-2013 16:45:34 UTC] PHP   2. include() C:\wamp\www\controlPanel\index.php:12

[28-Feb-2013 16:45:34 UTC] PHP Fatal error:  main() [<a href='function.main'>function.main</a>]: The script tried to execute a method or access a property of an incomplete object. Please ensure that the class definition &quot;User&quot; of the object you are trying to operate on was loaded _before_ unserialize() gets called or provide a __autoload() function to load the class definition  in C:\wamp\www\controlPanel\index.php on line 22

[28-Feb-2013 16:45:34 UTC] PHP Stack trace:

[28-Feb-2013 16:45:34 UTC] PHP   1. {main}() C:\wamp\www\controlPanel\index.php:0

[28-Feb-2013 16:45:34 UTC] PHP Notice:  main() [<a href='function.main'>function.main</a>]: The script tried to execute a method or access a property of an incomplete object. Please ensure that the class definition &quot;User&quot; of the object you are trying to operate on was loaded _before_ unserialize() gets called or provide a __autoload() function to load the class definition  in C:\wamp\www\controlPanel\template\header.php on line 22

[28-Feb-2013 16:45:34 UTC] PHP Stack trace:

[28-Feb-2013 16:45:34 UTC] PHP   1. {main}() C:\wamp\www\controlPanel\index.php:0

[28-Feb-2013 16:45:34 UTC] PHP   2. include() C:\wamp\www\controlPanel\index.php:12

[28-Feb-2013 16:45:34 UTC] PHP Fatal error:  main() [<a href='function.main'>function.main</a>]: The script tried to execute a method or access a property of an incomplete object. Please ensure that the class definition &quot;User&quot; of the object you are trying to operate on was loaded _before_ unserialize() gets called or provide a __autoload() function to load the class definition  in C:\wamp\www\controlPanel\index.php on line 22

[28-Feb-2013 16:45:34 UTC] PHP Stack trace:

[28-Feb-2013 16:45:34 UTC] PHP   1. {main}() C:\wamp\www\controlPanel\index.php:0

[28-Feb-2013 16:46:04 UTC] PHP Notice:  main() [<a href='function.main'>function.main</a>]: The script tried to execute a method or access a property of an incomplete object. Please ensure that the class definition &quot;User&quot; of the object you are trying to operate on was loaded _before_ unserialize() gets called or provide a __autoload() function to load the class definition  in C:\wamp\www\controlPanel\template\header.php on line 22

[28-Feb-2013 16:46:04 UTC] PHP Stack trace:

[28-Feb-2013 16:46:04 UTC] PHP   1. {main}() C:\wamp\www\controlPanel\index.php:0

[28-Feb-2013 16:46:04 UTC] PHP   2. include() C:\wamp\www\controlPanel\index.php:18

[28-Feb-2013 16:46:04 UTC] PHP Fatal error:  main() [<a href='function.main'>function.main</a>]: The script tried to execute a method or access a property of an incomplete object. Please ensure that the class definition &quot;User&quot; of the object you are trying to operate on was loaded _before_ unserialize() gets called or provide a __autoload() function to load the class definition  in C:\wamp\www\controlPanel\index.php on line 28

[28-Feb-2013 16:46:04 UTC] PHP Stack trace:

[28-Feb-2013 16:46:04 UTC] PHP   1. {main}() C:\wamp\www\controlPanel\index.php:0

[28-Feb-2013 16:46:04 UTC] PHP Notice:  main() [<a href='function.main'>function.main</a>]: The script tried to execute a method or access a property of an incomplete object. Please ensure that the class definition &quot;User&quot; of the object you are trying to operate on was loaded _before_ unserialize() gets called or provide a __autoload() function to load the class definition  in C:\wamp\www\controlPanel\template\header.php on line 22

[28-Feb-2013 16:46:04 UTC] PHP Stack trace:

[28-Feb-2013 16:46:04 UTC] PHP   1. {main}() C:\wamp\www\controlPanel\index.php:0

[28-Feb-2013 16:46:04 UTC] PHP   2. include() C:\wamp\www\controlPanel\index.php:18

[28-Feb-2013 16:46:04 UTC] PHP Fatal error:  main() [<a href='function.main'>function.main</a>]: The script tried to execute a method or access a property of an incomplete object. Please ensure that the class definition &quot;User&quot; of the object you are trying to operate on was loaded _before_ unserialize() gets called or provide a __autoload() function to load the class definition  in C:\wamp\www\controlPanel\index.php on line 28

[28-Feb-2013 16:46:04 UTC] PHP Stack trace:

[28-Feb-2013 16:46:04 UTC] PHP   1. {main}() C:\wamp\www\controlPanel\index.php:0

[28-Feb-2013 16:46:14 UTC] PHP Notice:  main() [<a href='function.main'>function.main</a>]: The script tried to execute a method or access a property of an incomplete object. Please ensure that the class definition &quot;User&quot; of the object you are trying to operate on was loaded _before_ unserialize() gets called or provide a __autoload() function to load the class definition  in C:\wamp\www\controlPanel\template\header.php on line 22

[28-Feb-2013 16:46:14 UTC] PHP Stack trace:

[28-Feb-2013 16:46:14 UTC] PHP   1. {main}() C:\wamp\www\controlPanel\index.php:0

[28-Feb-2013 16:46:14 UTC] PHP   2. include() C:\wamp\www\controlPanel\index.php:18

[28-Feb-2013 16:46:14 UTC] PHP Fatal error:  main() [<a href='function.main'>function.main</a>]: The script tried to execute a method or access a property of an incomplete object. Please ensure that the class definition &quot;User&quot; of the object you are trying to operate on was loaded _before_ unserialize() gets called or provide a __autoload() function to load the class definition  in C:\wamp\www\controlPanel\index.php on line 28

[28-Feb-2013 16:46:14 UTC] PHP Stack trace:

[28-Feb-2013 16:46:14 UTC] PHP   1. {main}() C:\wamp\www\controlPanel\index.php:0

[28-Feb-2013 16:46:14 UTC] PHP Notice:  main() [<a href='function.main'>function.main</a>]: The script tried to execute a method or access a property of an incomplete object. Please ensure that the class definition &quot;User&quot; of the object you are trying to operate on was loaded _before_ unserialize() gets called or provide a __autoload() function to load the class definition  in C:\wamp\www\controlPanel\template\header.php on line 22

[28-Feb-2013 16:46:14 UTC] PHP Stack trace:

[28-Feb-2013 16:46:14 UTC] PHP   1. {main}() C:\wamp\www\controlPanel\index.php:0

[28-Feb-2013 16:46:14 UTC] PHP   2. include() C:\wamp\www\controlPanel\index.php:18

[28-Feb-2013 16:46:15 UTC] PHP Fatal error:  main() [<a href='function.main'>function.main</a>]: The script tried to execute a method or access a property of an incomplete object. Please ensure that the class definition &quot;User&quot; of the object you are trying to operate on was loaded _before_ unserialize() gets called or provide a __autoload() function to load the class definition  in C:\wamp\www\controlPanel\index.php on line 28

[28-Feb-2013 16:46:15 UTC] PHP Stack trace:

[28-Feb-2013 16:46:15 UTC] PHP   1. {main}() C:\wamp\www\controlPanel\index.php:0

[28-Feb-2013 16:48:06 UTC] PHP Notice:  main() [<a href='function.main'>function.main</a>]: The script tried to execute a method or access a property of an incomplete object. Please ensure that the class definition &quot;User&quot; of the object you are trying to operate on was loaded _before_ unserialize() gets called or provide a __autoload() function to load the class definition  in C:\wamp\www\controlPanel\template\header.php on line 22

[28-Feb-2013 16:48:06 UTC] PHP Stack trace:

[28-Feb-2013 16:48:06 UTC] PHP   1. {main}() C:\wamp\www\controlPanel\index.php:0

[28-Feb-2013 16:48:06 UTC] PHP   2. include() C:\wamp\www\controlPanel\index.php:18

[28-Feb-2013 16:48:06 UTC] PHP Fatal error:  main() [<a href='function.main'>function.main</a>]: The script tried to execute a method or access a property of an incomplete object. Please ensure that the class definition &quot;User&quot; of the object you are trying to operate on was loaded _before_ unserialize() gets called or provide a __autoload() function to load the class definition  in C:\wamp\www\controlPanel\index.php on line 28

[28-Feb-2013 16:48:06 UTC] PHP Stack trace:

[28-Feb-2013 16:48:06 UTC] PHP   1. {main}() C:\wamp\www\controlPanel\index.php:0

[28-Feb-2013 16:48:06 UTC] PHP Notice:  main() [<a href='function.main'>function.main</a>]: The script tried to execute a method or access a property of an incomplete object. Please ensure that the class definition &quot;User&quot; of the object you are trying to operate on was loaded _before_ unserialize() gets called or provide a __autoload() function to load the class definition  in C:\wamp\www\controlPanel\template\header.php on line 22

[28-Feb-2013 16:48:06 UTC] PHP Stack trace:

[28-Feb-2013 16:48:06 UTC] PHP   1. {main}() C:\wamp\www\controlPanel\index.php:0

[28-Feb-2013 16:48:06 UTC] PHP   2. include() C:\wamp\www\controlPanel\index.php:18

[28-Feb-2013 16:48:06 UTC] PHP Fatal error:  main() [<a href='function.main'>function.main</a>]: The script tried to execute a method or access a property of an incomplete object. Please ensure that the class definition &quot;User&quot; of the object you are trying to operate on was loaded _before_ unserialize() gets called or provide a __autoload() function to load the class definition  in C:\wamp\www\controlPanel\index.php on line 28

[28-Feb-2013 16:48:06 UTC] PHP Stack trace:

[28-Feb-2013 16:48:06 UTC] PHP   1. {main}() C:\wamp\www\controlPanel\index.php:0

[28-Feb-2013 16:48:35 UTC] PHP Fatal error:  Call to undefined function destroy() in C:\wamp\www\controlPanel\test.php on line 2

[28-Feb-2013 16:48:35 UTC] PHP Stack trace:

[28-Feb-2013 16:48:35 UTC] PHP   1. {main}() C:\wamp\www\controlPanel\test.php:0

[28-Feb-2013 16:48:48 UTC] PHP Notice:  main() [<a href='function.main'>function.main</a>]: The script tried to execute a method or access a property of an incomplete object. Please ensure that the class definition &quot;User&quot; of the object you are trying to operate on was loaded _before_ unserialize() gets called or provide a __autoload() function to load the class definition  in C:\wamp\www\controlPanel\template\header.php on line 22

[28-Feb-2013 16:48:48 UTC] PHP Stack trace:

[28-Feb-2013 16:48:48 UTC] PHP   1. {main}() C:\wamp\www\controlPanel\index.php:0

[28-Feb-2013 16:48:48 UTC] PHP   2. include() C:\wamp\www\controlPanel\index.php:18

[28-Feb-2013 16:48:48 UTC] PHP Fatal error:  main() [<a href='function.main'>function.main</a>]: The script tried to execute a method or access a property of an incomplete object. Please ensure that the class definition &quot;User&quot; of the object you are trying to operate on was loaded _before_ unserialize() gets called or provide a __autoload() function to load the class definition  in C:\wamp\www\controlPanel\index.php on line 28

[28-Feb-2013 16:48:48 UTC] PHP Stack trace:

[28-Feb-2013 16:48:48 UTC] PHP   1. {main}() C:\wamp\www\controlPanel\index.php:0

[28-Feb-2013 16:48:48 UTC] PHP Notice:  main() [<a href='function.main'>function.main</a>]: The script tried to execute a method or access a property of an incomplete object. Please ensure that the class definition &quot;User&quot; of the object you are trying to operate on was loaded _before_ unserialize() gets called or provide a __autoload() function to load the class definition  in C:\wamp\www\controlPanel\template\header.php on line 22

[28-Feb-2013 16:48:48 UTC] PHP Stack trace:

[28-Feb-2013 16:48:48 UTC] PHP   1. {main}() C:\wamp\www\controlPanel\index.php:0

[28-Feb-2013 16:48:48 UTC] PHP   2. include() C:\wamp\www\controlPanel\index.php:18

[28-Feb-2013 16:48:48 UTC] PHP Fatal error:  main() [<a href='function.main'>function.main</a>]: The script tried to execute a method or access a property of an incomplete object. Please ensure that the class definition &quot;User&quot; of the object you are trying to operate on was loaded _before_ unserialize() gets called or provide a __autoload() function to load the class definition  in C:\wamp\www\controlPanel\index.php on line 28

[28-Feb-2013 16:48:48 UTC] PHP Stack trace:

[28-Feb-2013 16:48:48 UTC] PHP   1. {main}() C:\wamp\www\controlPanel\index.php:0

[28-Feb-2013 16:48:50 UTC] PHP Notice:  main() [<a href='function.main'>function.main</a>]: The script tried to execute a method or access a property of an incomplete object. Please ensure that the class definition &quot;User&quot; of the object you are trying to operate on was loaded _before_ unserialize() gets called or provide a __autoload() function to load the class definition  in C:\wamp\www\controlPanel\template\header.php on line 22

[28-Feb-2013 16:48:50 UTC] PHP Stack trace:

[28-Feb-2013 16:48:50 UTC] PHP   1. {main}() C:\wamp\www\controlPanel\index.php:0

[28-Feb-2013 16:48:50 UTC] PHP   2. include() C:\wamp\www\controlPanel\index.php:18

[28-Feb-2013 16:48:50 UTC] PHP Fatal error:  main() [<a href='function.main'>function.main</a>]: The script tried to execute a method or access a property of an incomplete object. Please ensure that the class definition &quot;User&quot; of the object you are trying to operate on was loaded _before_ unserialize() gets called or provide a __autoload() function to load the class definition  in C:\wamp\www\controlPanel\index.php on line 28

[28-Feb-2013 16:48:50 UTC] PHP Stack trace:

[28-Feb-2013 16:48:50 UTC] PHP   1. {main}() C:\wamp\www\controlPanel\index.php:0

[28-Feb-2013 16:48:50 UTC] PHP Notice:  main() [<a href='function.main'>function.main</a>]: The script tried to execute a method or access a property of an incomplete object. Please ensure that the class definition &quot;User&quot; of the object you are trying to operate on was loaded _before_ unserialize() gets called or provide a __autoload() function to load the class definition  in C:\wamp\www\controlPanel\template\header.php on line 22

[28-Feb-2013 16:48:50 UTC] PHP Stack trace:

[28-Feb-2013 16:48:50 UTC] PHP   1. {main}() C:\wamp\www\controlPanel\index.php:0

[28-Feb-2013 16:48:50 UTC] PHP   2. include() C:\wamp\www\controlPanel\index.php:18

[28-Feb-2013 16:48:50 UTC] PHP Fatal error:  main() [<a href='function.main'>function.main</a>]: The script tried to execute a method or access a property of an incomplete object. Please ensure that the class definition &quot;User&quot; of the object you are trying to operate on was loaded _before_ unserialize() gets called or provide a __autoload() function to load the class definition  in C:\wamp\www\controlPanel\index.php on line 28

[28-Feb-2013 16:48:50 UTC] PHP Stack trace:

[28-Feb-2013 16:48:50 UTC] PHP   1. {main}() C:\wamp\www\controlPanel\index.php:0

[28-Feb-2013 16:49:03 UTC] PHP Notice:  Undefined variable: _SESSION in C:\wamp\www\controlPanel\test.php on line 3

[28-Feb-2013 16:49:03 UTC] PHP Stack trace:

[28-Feb-2013 16:49:03 UTC] PHP   1. {main}() C:\wamp\www\controlPanel\test.php:0

[28-Feb-2013 16:50:37 UTC] PHP Notice:  Undefined variable: _SESSION in C:\wamp\www\controlPanel\test.php on line 3

[28-Feb-2013 16:50:37 UTC] PHP Stack trace:

[28-Feb-2013 16:50:37 UTC] PHP   1. {main}() C:\wamp\www\controlPanel\test.php:0

[28-Feb-2013 16:51:50 UTC] PHP Warning:  session_destroy() [<a href='function.session-destroy'>function.session-destroy</a>]: Trying to destroy uninitialized session in C:\wamp\www\controlPanel\test.php on line 2

[28-Feb-2013 16:51:50 UTC] PHP Stack trace:

[28-Feb-2013 16:51:50 UTC] PHP   1. {main}() C:\wamp\www\controlPanel\test.php:0

[28-Feb-2013 16:51:50 UTC] PHP   2. session_destroy() C:\wamp\www\controlPanel\test.php:2

[28-Feb-2013 16:52:26 UTC] PHP Notice:  A session had already been started - ignoring session_start() in C:\wamp\www\controlPanel\login.php on line 7

[28-Feb-2013 16:52:26 UTC] PHP Stack trace:

[28-Feb-2013 16:52:26 UTC] PHP   1. {main}() C:\wamp\www\controlPanel\login.php:0

[28-Feb-2013 16:52:26 UTC] PHP   2. session_start() C:\wamp\www\controlPanel\login.php:7

[28-Feb-2013 16:54:59 UTC] PHP Notice:  A session had already been started - ignoring session_start() in C:\wamp\www\controlPanel\login.php on line 7

[28-Feb-2013 16:54:59 UTC] PHP Stack trace:

[28-Feb-2013 16:54:59 UTC] PHP   1. {main}() C:\wamp\www\controlPanel\login.php:0

[28-Feb-2013 16:54:59 UTC] PHP   2. session_start() C:\wamp\www\controlPanel\login.php:7

[28-Feb-2013 16:56:17 UTC] PHP Notice:  A session had already been started - ignoring session_start() in C:\wamp\www\controlPanel\login.php on line 7

[28-Feb-2013 16:56:17 UTC] PHP Stack trace:

[28-Feb-2013 16:56:17 UTC] PHP   1. {main}() C:\wamp\www\controlPanel\login.php:0

[28-Feb-2013 16:56:17 UTC] PHP   2. session_start() C:\wamp\www\controlPanel\login.php:7

[28-Feb-2013 16:56:51 UTC] PHP Notice:  A session had already been started - ignoring session_start() in C:\wamp\www\controlPanel\login.php on line 7

[28-Feb-2013 16:56:51 UTC] PHP Stack trace:

[28-Feb-2013 16:56:51 UTC] PHP   1. {main}() C:\wamp\www\controlPanel\login.php:0

[28-Feb-2013 16:56:51 UTC] PHP   2. session_start() C:\wamp\www\controlPanel\login.php:7

[28-Feb-2013 16:58:26 UTC] PHP Notice:  logged in in C:\wamp\www\controlPanel\login.php on line 54

[28-Feb-2013 16:58:26 UTC] PHP Stack trace:

[28-Feb-2013 16:58:26 UTC] PHP   1. {main}() C:\wamp\www\controlPanel\login.php:0

[28-Feb-2013 16:58:26 UTC] PHP   2. trigger_error() C:\wamp\www\controlPanel\login.php:54

[28-Feb-2013 17:01:12 UTC] PHP Notice:  Undefined property: User::$api in C:\wamp\www\controlPanel\index.php on line 56

[28-Feb-2013 17:01:12 UTC] PHP Stack trace:

[28-Feb-2013 17:01:12 UTC] PHP   1. {main}() C:\wamp\www\controlPanel\index.php:0

[28-Feb-2013 17:12:54 UTC] PHP Warning:  unserialize() expects parameter 1 to be string, object given in C:\wamp\www\controlPanel\bin\verify.php on line 9

[28-Feb-2013 17:12:54 UTC] PHP Stack trace:

[28-Feb-2013 17:12:54 UTC] PHP   1. {main}() C:\wamp\www\controlPanel\key.php:0

[28-Feb-2013 17:12:54 UTC] PHP   2. include() C:\wamp\www\controlPanel\key.php:2

[28-Feb-2013 17:12:54 UTC] PHP   3. unserialize() C:\wamp\www\controlPanel\bin\verify.php:9

[28-Feb-2013 17:12:54 UTC] PHP Notice:  Trying to get property of non-object in C:\wamp\www\controlPanel\template\header.php on line 22

[28-Feb-2013 17:12:54 UTC] PHP Stack trace:

[28-Feb-2013 17:12:54 UTC] PHP   1. {main}() C:\wamp\www\controlPanel\key.php:0

[28-Feb-2013 17:12:54 UTC] PHP   2. include() C:\wamp\www\controlPanel\key.php:9

[28-Feb-2013 17:12:54 UTC] PHP Notice:  Trying to get property of non-object in C:\wamp\www\controlPanel\key.php on line 10

[28-Feb-2013 17:12:54 UTC] PHP Stack trace:

[28-Feb-2013 17:12:54 UTC] PHP   1. {main}() C:\wamp\www\controlPanel\key.php:0

[28-Feb-2013 17:12:54 UTC] PHP Notice:  Trying to get property of non-object in C:\wamp\www\controlPanel\key.php on line 11

[28-Feb-2013 17:12:54 UTC] PHP Stack trace:

[28-Feb-2013 17:12:54 UTC] PHP   1. {main}() C:\wamp\www\controlPanel\key.php:0

[28-Feb-2013 17:12:54 UTC] PHP Warning:  unserialize() expects parameter 1 to be string, object given in C:\wamp\www\controlPanel\bin\verify.php on line 9

[28-Feb-2013 17:12:54 UTC] PHP Stack trace:

[28-Feb-2013 17:12:54 UTC] PHP   1. {main}() C:\wamp\www\controlPanel\key.php:0

[28-Feb-2013 17:12:54 UTC] PHP   2. include() C:\wamp\www\controlPanel\key.php:2

[28-Feb-2013 17:12:54 UTC] PHP   3. unserialize() C:\wamp\www\controlPanel\bin\verify.php:9

[28-Feb-2013 17:12:54 UTC] PHP Notice:  Trying to get property of non-object in C:\wamp\www\controlPanel\template\header.php on line 22

[28-Feb-2013 17:12:54 UTC] PHP Stack trace:

[28-Feb-2013 17:12:54 UTC] PHP   1. {main}() C:\wamp\www\controlPanel\key.php:0

[28-Feb-2013 17:12:54 UTC] PHP   2. include() C:\wamp\www\controlPanel\key.php:9

[28-Feb-2013 17:12:54 UTC] PHP Notice:  Trying to get property of non-object in C:\wamp\www\controlPanel\key.php on line 10

[28-Feb-2013 17:12:54 UTC] PHP Stack trace:

[28-Feb-2013 17:12:54 UTC] PHP   1. {main}() C:\wamp\www\controlPanel\key.php:0

[28-Feb-2013 17:12:54 UTC] PHP Notice:  Trying to get property of non-object in C:\wamp\www\controlPanel\key.php on line 11

[28-Feb-2013 17:12:54 UTC] PHP Stack trace:

[28-Feb-2013 17:12:54 UTC] PHP   1. {main}() C:\wamp\www\controlPanel\key.php:0

[28-Feb-2013 17:13:28 UTC] PHP Warning:  unserialize() expects parameter 1 to be string, object given in C:\wamp\www\controlPanel\bin\verify.php on line 9

[28-Feb-2013 17:13:28 UTC] PHP Stack trace:

[28-Feb-2013 17:13:28 UTC] PHP   1. {main}() C:\wamp\www\controlPanel\index.php:0

[28-Feb-2013 17:13:28 UTC] PHP   2. include() C:\wamp\www\controlPanel\index.php:2

[28-Feb-2013 17:13:28 UTC] PHP   3. unserialize() C:\wamp\www\controlPanel\bin\verify.php:9

[28-Feb-2013 17:13:28 UTC] PHP Notice:  Trying to get property of non-object in C:\wamp\www\controlPanel\template\header.php on line 22

[28-Feb-2013 17:13:28 UTC] PHP Stack trace:

[28-Feb-2013 17:13:28 UTC] PHP   1. {main}() C:\wamp\www\controlPanel\index.php:0

[28-Feb-2013 17:13:28 UTC] PHP   2. include() C:\wamp\www\controlPanel\index.php:4

[28-Feb-2013 17:13:28 UTC] PHP Notice:  Trying to get property of non-object in C:\wamp\www\controlPanel\index.php on line 5

[28-Feb-2013 17:13:28 UTC] PHP Stack trace:

[28-Feb-2013 17:13:28 UTC] PHP   1. {main}() C:\wamp\www\controlPanel\index.php:0

[28-Feb-2013 17:13:28 UTC] PHP Notice:  Trying to get property of non-object in C:\wamp\www\controlPanel\index.php on line 6

[28-Feb-2013 17:13:28 UTC] PHP Stack trace:

[28-Feb-2013 17:13:28 UTC] PHP   1. {main}() C:\wamp\www\controlPanel\index.php:0

[28-Feb-2013 17:13:28 UTC] PHP Warning:  unserialize() expects parameter 1 to be string, object given in C:\wamp\www\controlPanel\bin\verify.php on line 9

[28-Feb-2013 17:13:28 UTC] PHP Stack trace:

[28-Feb-2013 17:13:28 UTC] PHP   1. {main}() C:\wamp\www\controlPanel\index.php:0

[28-Feb-2013 17:13:28 UTC] PHP   2. include() C:\wamp\www\controlPanel\index.php:2

[28-Feb-2013 17:13:28 UTC] PHP   3. unserialize() C:\wamp\www\controlPanel\bin\verify.php:9

[28-Feb-2013 17:13:28 UTC] PHP Notice:  Trying to get property of non-object in C:\wamp\www\controlPanel\template\header.php on line 22

[28-Feb-2013 17:13:28 UTC] PHP Stack trace:

[28-Feb-2013 17:13:28 UTC] PHP   1. {main}() C:\wamp\www\controlPanel\index.php:0

[28-Feb-2013 17:13:28 UTC] PHP   2. include() C:\wamp\www\controlPanel\index.php:4

[28-Feb-2013 17:13:28 UTC] PHP Notice:  Trying to get property of non-object in C:\wamp\www\controlPanel\index.php on line 5

[28-Feb-2013 17:13:28 UTC] PHP Stack trace:

[28-Feb-2013 17:13:28 UTC] PHP   1. {main}() C:\wamp\www\controlPanel\index.php:0

[28-Feb-2013 17:13:28 UTC] PHP Notice:  Trying to get property of non-object in C:\wamp\www\controlPanel\index.php on line 6

[28-Feb-2013 17:13:28 UTC] PHP Stack trace:

[28-Feb-2013 17:13:28 UTC] PHP   1. {main}() C:\wamp\www\controlPanel\index.php:0

[28-Feb-2013 17:13:54 UTC] PHP Notice:  logged in in C:\wamp\www\controlPanel\login.php on line 53

[28-Feb-2013 17:13:54 UTC] PHP Stack trace:

[28-Feb-2013 17:13:54 UTC] PHP   1. {main}() C:\wamp\www\controlPanel\login.php:0

[28-Feb-2013 17:13:54 UTC] PHP   2. trigger_error() C:\wamp\www\controlPanel\login.php:53

[28-Feb-2013 17:14:02 UTC] PHP Notice:  Trying to get property of non-object in C:\wamp\www\controlPanel\preference.php on line 53

[28-Feb-2013 17:14:02 UTC] PHP Stack trace:

[28-Feb-2013 17:14:02 UTC] PHP   1. {main}() C:\wamp\www\controlPanel\preference.php:0

[28-Feb-2013 17:16:04 UTC] PHP Warning:  in_array() expects parameter 2 to be array, string given in C:\wamp\www\controlPanel\preference.php on line 28

[28-Feb-2013 17:16:04 UTC] PHP Stack trace:

[28-Feb-2013 17:16:04 UTC] PHP   1. {main}() C:\wamp\www\controlPanel\preference.php:0

[28-Feb-2013 17:16:04 UTC] PHP   2. in_array() C:\wamp\www\controlPanel\preference.php:28

[28-Feb-2013 17:16:04 UTC] PHP Warning:  in_array() expects parameter 2 to be array, string given in C:\wamp\www\controlPanel\preference.php on line 28

[28-Feb-2013 17:16:04 UTC] PHP Stack trace:

[28-Feb-2013 17:16:04 UTC] PHP   1. {main}() C:\wamp\www\controlPanel\preference.php:0

[28-Feb-2013 17:16:04 UTC] PHP   2. in_array() C:\wamp\www\controlPanel\preference.php:28

[28-Feb-2013 17:16:04 UTC] PHP Warning:  in_array() expects parameter 2 to be array, string given in C:\wamp\www\controlPanel\preference.php on line 28

[28-Feb-2013 17:16:04 UTC] PHP Stack trace:

[28-Feb-2013 17:16:04 UTC] PHP   1. {main}() C:\wamp\www\controlPanel\preference.php:0

[28-Feb-2013 17:16:04 UTC] PHP   2. in_array() C:\wamp\www\controlPanel\preference.php:28

[28-Feb-2013 17:16:04 UTC] PHP Warning:  in_array() expects parameter 2 to be array, string given in C:\wamp\www\controlPanel\preference.php on line 28

[28-Feb-2013 17:16:04 UTC] PHP Stack trace:

[28-Feb-2013 17:16:04 UTC] PHP   1. {main}() C:\wamp\www\controlPanel\preference.php:0

[28-Feb-2013 17:16:04 UTC] PHP   2. in_array() C:\wamp\www\controlPanel\preference.php:28

[28-Feb-2013 17:16:04 UTC] PHP Warning:  in_array() expects parameter 2 to be array, string given in C:\wamp\www\controlPanel\preference.php on line 28

[28-Feb-2013 17:16:04 UTC] PHP Stack trace:

[28-Feb-2013 17:16:04 UTC] PHP   1. {main}() C:\wamp\www\controlPanel\preference.php:0

[28-Feb-2013 17:16:04 UTC] PHP   2. in_array() C:\wamp\www\controlPanel\preference.php:28

[28-Feb-2013 17:16:04 UTC] PHP Warning:  in_array() expects parameter 2 to be array, string given in C:\wamp\www\controlPanel\preference.php on line 28

[28-Feb-2013 17:16:04 UTC] PHP Stack trace:

[28-Feb-2013 17:16:04 UTC] PHP   1. {main}() C:\wamp\www\controlPanel\preference.php:0

[28-Feb-2013 17:16:04 UTC] PHP   2. in_array() C:\wamp\www\controlPanel\preference.php:28

[28-Feb-2013 17:16:23 UTC] PHP Warning:  explode() expects parameter 2 to be string, array given in C:\wamp\www\controlPanel\preference.php on line 19

[28-Feb-2013 17:16:23 UTC] PHP Stack trace:

[28-Feb-2013 17:16:23 UTC] PHP   1. {main}() C:\wamp\www\controlPanel\preference.php:0

[28-Feb-2013 17:16:23 UTC] PHP   2. explode() C:\wamp\www\controlPanel\preference.php:19

[28-Feb-2013 17:16:23 UTC] PHP Warning:  in_array() expects parameter 2 to be array, null given in C:\wamp\www\controlPanel\preference.php on line 28

[28-Feb-2013 17:16:23 UTC] PHP Stack trace:

[28-Feb-2013 17:16:23 UTC] PHP   1. {main}() C:\wamp\www\controlPanel\preference.php:0

[28-Feb-2013 17:16:23 UTC] PHP   2. in_array() C:\wamp\www\controlPanel\preference.php:28

[28-Feb-2013 17:16:23 UTC] PHP Warning:  in_array() expects parameter 2 to be array, null given in C:\wamp\www\controlPanel\preference.php on line 28

[28-Feb-2013 17:16:23 UTC] PHP Stack trace:

[28-Feb-2013 17:16:23 UTC] PHP   1. {main}() C:\wamp\www\controlPanel\preference.php:0

[28-Feb-2013 17:16:23 UTC] PHP   2. in_array() C:\wamp\www\controlPanel\preference.php:28

[28-Feb-2013 17:16:23 UTC] PHP Warning:  in_array() expects parameter 2 to be array, null given in C:\wamp\www\controlPanel\preference.php on line 28

[28-Feb-2013 17:16:23 UTC] PHP Stack trace:

[28-Feb-2013 17:16:23 UTC] PHP   1. {main}() C:\wamp\www\controlPanel\preference.php:0

[28-Feb-2013 17:16:23 UTC] PHP   2. in_array() C:\wamp\www\controlPanel\preference.php:28

[28-Feb-2013 17:16:23 UTC] PHP Warning:  explode() expects parameter 2 to be string, array given in C:\wamp\www\controlPanel\preference.php on line 19

[28-Feb-2013 17:16:23 UTC] PHP Stack trace:

[28-Feb-2013 17:16:23 UTC] PHP   1. {main}() C:\wamp\www\controlPanel\preference.php:0

[28-Feb-2013 17:16:23 UTC] PHP   2. explode() C:\wamp\www\controlPanel\preference.php:19

[28-Feb-2013 17:16:23 UTC] PHP Warning:  in_array() expects parameter 2 to be array, null given in C:\wamp\www\controlPanel\preference.php on line 28

[28-Feb-2013 17:16:23 UTC] PHP Stack trace:

[28-Feb-2013 17:16:23 UTC] PHP   1. {main}() C:\wamp\www\controlPanel\preference.php:0

[28-Feb-2013 17:16:23 UTC] PHP   2. in_array() C:\wamp\www\controlPanel\preference.php:28

[28-Feb-2013 17:16:23 UTC] PHP Warning:  in_array() expects parameter 2 to be array, null given in C:\wamp\www\controlPanel\preference.php on line 28

[28-Feb-2013 17:16:23 UTC] PHP Stack trace:

[28-Feb-2013 17:16:23 UTC] PHP   1. {main}() C:\wamp\www\controlPanel\preference.php:0

[28-Feb-2013 17:16:23 UTC] PHP   2. in_array() C:\wamp\www\controlPanel\preference.php:28

[28-Feb-2013 17:16:23 UTC] PHP Warning:  in_array() expects parameter 2 to be array, null given in C:\wamp\www\controlPanel\preference.php on line 28

[28-Feb-2013 17:16:23 UTC] PHP Stack trace:

[28-Feb-2013 17:16:23 UTC] PHP   1. {main}() C:\wamp\www\controlPanel\preference.php:0

[28-Feb-2013 17:16:23 UTC] PHP   2. in_array() C:\wamp\www\controlPanel\preference.php:28

[28-Feb-2013 17:20:42 UTC] PHP Notice:  logged in in C:\wamp\www\controlPanel\login.php on line 53

[28-Feb-2013 17:20:42 UTC] PHP Stack trace:

[28-Feb-2013 17:20:42 UTC] PHP   1. {main}() C:\wamp\www\controlPanel\login.php:0

[28-Feb-2013 17:20:42 UTC] PHP   2. trigger_error() C:\wamp\www\controlPanel\login.php:53

[28-Feb-2013 17:20:47 UTC] PHP Parse error:  syntax error, unexpected T_INCLUDE in C:\wamp\www\controlPanel\preference.php on line 7

[28-Feb-2013 17:33:04 UTC] PHP Fatal error:  Class 'User' not found in C:\wamp\www\controlPanel\process.php on line 26

[28-Feb-2013 17:33:04 UTC] PHP Stack trace:

[28-Feb-2013 17:33:04 UTC] PHP   1. {main}() C:\wamp\www\controlPanel\process.php:0

[28-Feb-2013 17:38:26 UTC] PHP Parse error:  syntax error, unexpected T_ECHO, expecting ',' or ';' in C:\wamp\www\controlPanel\key.php on line 11

[28-Feb-2013 17:46:43 UTC] PHP Notice:  logged in in C:\wamp\www\controlPanel\login.php on line 53

[28-Feb-2013 17:46:43 UTC] PHP Stack trace:

[28-Feb-2013 17:46:43 UTC] PHP   1. {main}() C:\wamp\www\controlPanel\login.php:0

[28-Feb-2013 17:46:43 UTC] PHP   2. trigger_error() C:\wamp\www\controlPanel\login.php:53

[28-Feb-2013 22:37:27 UTC] PHP Notice:  cannot connect to database in C:\wamp\www\controlPanel\bin\database.php on line 18

[28-Feb-2013 22:37:27 UTC] PHP Stack trace:

[28-Feb-2013 22:37:27 UTC] PHP   1. {main}() C:\wamp\www\controlPanel\login.php:0

[28-Feb-2013 22:37:27 UTC] PHP   2. MGDatabase->__construct() C:\wamp\www\controlPanel\login.php:39

[28-Feb-2013 22:37:27 UTC] PHP   3. trigger_error() C:\wamp\www\controlPanel\bin\database.php:18

[28-Feb-2013 22:37:27 UTC] PHP Notice:  Trying to get property of non-object in C:\wamp\www\controlPanel\bin\database.php on line 34

[28-Feb-2013 22:37:27 UTC] PHP Stack trace:

[28-Feb-2013 22:37:27 UTC] PHP   1. {main}() C:\wamp\www\controlPanel\login.php:0

[28-Feb-2013 22:37:27 UTC] PHP   2. MGDatabase->find() C:\wamp\www\controlPanel\login.php:44

[28-Feb-2013 22:37:27 UTC] PHP Fatal error:  Call to a member function find() on a non-object in C:\wamp\www\controlPanel\bin\database.php on line 35

[28-Feb-2013 22:37:27 UTC] PHP Stack trace:

[28-Feb-2013 22:37:27 UTC] PHP   1. {main}() C:\wamp\www\controlPanel\login.php:0

[28-Feb-2013 22:37:27 UTC] PHP   2. MGDatabase->find() C:\wamp\www\controlPanel\login.php:44

[28-Feb-2013 23:03:11 UTC] PHP Notice:  Use of undefined constant PK_LENGTH - assumed 'PK_LENGTH' in C:\wamp\www\controlPanel\change_key.php on line 6

[28-Feb-2013 23:03:11 UTC] PHP Stack trace:

[28-Feb-2013 23:03:11 UTC] PHP   1. {main}() C:\wamp\www\controlPanel\change_key.php:0

[28-Feb-2013 23:03:11 UTC] PHP Fatal error:  Uncaught exception 'Exception' with message 'len must be from 1 and 20.' in C:\wamp\www\controlPanel\bin\RandDotOrg.class.php:104
Stack trace:
#0 C:\wamp\www\controlPanel\change_key.php(6): RandDotOrg->get_strings(1, 'PK_LENGTH', true, true, true, true)
#1 {main}
  thrown in C:\wamp\www\controlPanel\bin\RandDotOrg.class.php on line 104

[28-Feb-2013 23:07:03 UTC] PHP Fatal error:  Class 'MGDatabase' not found in C:\wamp\www\controlPanel\change_key.php on line 12

[28-Feb-2013 23:07:03 UTC] PHP Stack trace:

[28-Feb-2013 23:07:03 UTC] PHP   1. {main}() C:\wamp\www\controlPanel\change_key.php:0

[28-Feb-2013 23:07:50 UTC] PHP Notice:  cannot connect to database in C:\wamp\www\controlPanel\bin\database.php on line 18

[28-Feb-2013 23:07:50 UTC] PHP Stack trace:

[28-Feb-2013 23:07:50 UTC] PHP   1. {main}() C:\wamp\www\controlPanel\change_key.php:0

[28-Feb-2013 23:07:50 UTC] PHP   2. MGDatabase->__construct() C:\wamp\www\controlPanel\change_key.php:13

[28-Feb-2013 23:07:50 UTC] PHP   3. trigger_error() C:\wamp\www\controlPanel\bin\database.php:18

[28-Feb-2013 23:07:50 UTC] PHP Notice:  Trying to get property of non-object in C:\wamp\www\controlPanel\bin\database.php on line 39

[28-Feb-2013 23:07:50 UTC] PHP Stack trace:

[28-Feb-2013 23:07:50 UTC] PHP   1. {main}() C:\wamp\www\controlPanel\change_key.php:0

[28-Feb-2013 23:07:50 UTC] PHP   2. MGDatabase->update() C:\wamp\www\controlPanel\change_key.php:14

[28-Feb-2013 23:07:50 UTC] PHP Fatal error:  Call to a member function update() on a non-object in C:\wamp\www\controlPanel\bin\database.php on line 40

[28-Feb-2013 23:07:50 UTC] PHP Stack trace:

[28-Feb-2013 23:07:50 UTC] PHP   1. {main}() C:\wamp\www\controlPanel\change_key.php:0

[28-Feb-2013 23:07:50 UTC] PHP   2. MGDatabase->update() C:\wamp\www\controlPanel\change_key.php:14

[28-Feb-2013 23:08:09 UTC] PHP Notice:  Undefined index: username in C:\wamp\www\controlPanel\bin\user.php on line 22

[28-Feb-2013 23:08:09 UTC] PHP Stack trace:

[28-Feb-2013 23:08:09 UTC] PHP   1. {main}() C:\wamp\www\controlPanel\change_key.php:0

[28-Feb-2013 23:08:09 UTC] PHP   2. User->__construct() C:\wamp\www\controlPanel\change_key.php:17

[28-Feb-2013 23:08:09 UTC] PHP Notice:  Undefined index: email in C:\wamp\www\controlPanel\bin\user.php on line 23

[28-Feb-2013 23:08:09 UTC] PHP Stack trace:

[28-Feb-2013 23:08:09 UTC] PHP   1. {main}() C:\wamp\www\controlPanel\change_key.php:0

[28-Feb-2013 23:08:09 UTC] PHP   2. User->__construct() C:\wamp\www\controlPanel\change_key.php:17

[28-Feb-2013 23:08:09 UTC] PHP Notice:  Undefined index: password in C:\wamp\www\controlPanel\bin\user.php on line 24

[28-Feb-2013 23:08:09 UTC] PHP Stack trace:

[28-Feb-2013 23:08:09 UTC] PHP   1. {main}() C:\wamp\www\controlPanel\change_key.php:0

[28-Feb-2013 23:08:09 UTC] PHP   2. User->__construct() C:\wamp\www\controlPanel\change_key.php:17

[28-Feb-2013 23:08:09 UTC] PHP Notice:  Undefined index: url in C:\wamp\www\controlPanel\bin\user.php on line 25

[28-Feb-2013 23:08:09 UTC] PHP Stack trace:

[28-Feb-2013 23:08:09 UTC] PHP   1. {main}() C:\wamp\www\controlPanel\change_key.php:0

[28-Feb-2013 23:08:09 UTC] PHP   2. User->__construct() C:\wamp\www\controlPanel\change_key.php:17

[28-Feb-2013 23:08:09 UTC] PHP Notice:  Undefined index: puzzle_preference in C:\wamp\www\controlPanel\bin\user.php on line 26

[28-Feb-2013 23:08:09 UTC] PHP Stack trace:

[28-Feb-2013 23:08:09 UTC] PHP   1. {main}() C:\wamp\www\controlPanel\change_key.php:0

[28-Feb-2013 23:08:09 UTC] PHP   2. User->__construct() C:\wamp\www\controlPanel\change_key.php:17

[28-Feb-2013 23:08:46 UTC] PHP Notice:  cannot connect to database in C:\wamp\www\controlPanel\bin\database.php on line 18

[28-Feb-2013 23:08:46 UTC] PHP Stack trace:

[28-Feb-2013 23:08:46 UTC] PHP   1. {main}() C:\wamp\www\controlPanel\change_key.php:0

[28-Feb-2013 23:08:46 UTC] PHP   2. MGDatabase->__construct() C:\wamp\www\controlPanel\change_key.php:13

[28-Feb-2013 23:08:46 UTC] PHP   3. trigger_error() C:\wamp\www\controlPanel\bin\database.php:18

[28-Feb-2013 23:08:46 UTC] PHP Notice:  Trying to get property of non-object in C:\wamp\www\controlPanel\bin\database.php on line 39

[28-Feb-2013 23:08:46 UTC] PHP Stack trace:

[28-Feb-2013 23:08:46 UTC] PHP   1. {main}() C:\wamp\www\controlPanel\change_key.php:0

[28-Feb-2013 23:08:46 UTC] PHP   2. MGDatabase->update() C:\wamp\www\controlPanel\change_key.php:14

[28-Feb-2013 23:08:46 UTC] PHP Fatal error:  Call to a member function update() on a non-object in C:\wamp\www\controlPanel\bin\database.php on line 40

[28-Feb-2013 23:08:46 UTC] PHP Stack trace:

[28-Feb-2013 23:08:46 UTC] PHP   1. {main}() C:\wamp\www\controlPanel\change_key.php:0

[28-Feb-2013 23:08:46 UTC] PHP   2. MGDatabase->update() C:\wamp\www\controlPanel\change_key.php:14

[28-Feb-2013 23:10:56 UTC] PHP Fatal error:  Class 'RandDotOrg' not found in C:\wamp\www\controlPanel\test.php on line 6

[28-Feb-2013 23:10:56 UTC] PHP Stack trace:

[28-Feb-2013 23:10:56 UTC] PHP   1. {main}() C:\wamp\www\controlPanel\test.php:0

[01-Mar-2013 18:15:08 UTC] PHP Notice:  cannot connect to database in C:\wamp\www\controlPanel\bin\database.php on line 18

[01-Mar-2013 18:15:08 UTC] PHP Stack trace:

[01-Mar-2013 18:15:08 UTC] PHP   1. {main}() C:\wamp\www\controlPanel\login.php:0

[01-Mar-2013 18:15:08 UTC] PHP   2. MGDatabase->__construct() C:\wamp\www\controlPanel\login.php:39

[01-Mar-2013 18:15:08 UTC] PHP   3. trigger_error() C:\wamp\www\controlPanel\bin\database.php:18

[01-Mar-2013 18:15:08 UTC] PHP Notice:  Trying to get property of non-object in C:\wamp\www\controlPanel\bin\database.php on line 34

[01-Mar-2013 18:15:08 UTC] PHP Stack trace:

[01-Mar-2013 18:15:08 UTC] PHP   1. {main}() C:\wamp\www\controlPanel\login.php:0

[01-Mar-2013 18:15:08 UTC] PHP   2. MGDatabase->find() C:\wamp\www\controlPanel\login.php:44

[01-Mar-2013 18:15:08 UTC] PHP Fatal error:  Call to a member function find() on a non-object in C:\wamp\www\controlPanel\bin\database.php on line 35

[01-Mar-2013 18:15:08 UTC] PHP Stack trace:

[01-Mar-2013 18:15:08 UTC] PHP   1. {main}() C:\wamp\www\controlPanel\login.php:0

[01-Mar-2013 18:15:08 UTC] PHP   2. MGDatabase->find() C:\wamp\www\controlPanel\login.php:44

[01-Mar-2013 18:42:27 UTC] PHP Fatal error:  Class 'MGDatabase' not found in C:\wamp\www\controlPanel\test.php on line 2

[01-Mar-2013 18:42:27 UTC] PHP Stack trace:

[01-Mar-2013 18:42:27 UTC] PHP   1. {main}() C:\wamp\www\controlPanel\test.php:0

[01-Mar-2013 18:42:40 UTC] PHP Notice:  Undefined variable: user in C:\wamp\www\controlPanel\test.php on line 4

[01-Mar-2013 18:42:40 UTC] PHP Stack trace:

[01-Mar-2013 18:42:40 UTC] PHP   1. {main}() C:\wamp\www\controlPanel\test.php:0

[01-Mar-2013 18:42:40 UTC] PHP Fatal error:  Uncaught exception 'Exception' with message 'MongoDB::__construct(): invalid name ' in C:\wamp\www\controlPanel\bin\database.php:39
Stack trace:
#0 C:\wamp\www\controlPanel\bin\database.php(39): MongoDB->__get('')
#1 C:\wamp\www\controlPanel\test.php(4): MGDatabase->update(NULL, Array, Array)
#2 {main}
  thrown in C:\wamp\www\controlPanel\bin\database.php on line 39

[01-Mar-2013 19:02:58 UTC] PHP Notice:  cannot connect to database in C:\wamp\www\controlPanel\bin\database.php on line 18

[01-Mar-2013 19:02:58 UTC] PHP Stack trace:

[01-Mar-2013 19:02:58 UTC] PHP   1. {main}() C:\wamp\www\controlPanel\preference.php:0

[01-Mar-2013 19:02:58 UTC] PHP   2. MGDatabase->__construct() C:\wamp\www\controlPanel\preference.php:14

[01-Mar-2013 19:02:58 UTC] PHP   3. trigger_error() C:\wamp\www\controlPanel\bin\database.php:18

[01-Mar-2013 19:02:58 UTC] PHP Notice:  Trying to get property of non-object in C:\wamp\www\controlPanel\bin\database.php on line 34

[01-Mar-2013 19:02:58 UTC] PHP Stack trace:

[01-Mar-2013 19:02:58 UTC] PHP   1. {main}() C:\wamp\www\controlPanel\preference.php:0

[01-Mar-2013 19:02:58 UTC] PHP   2. MGDatabase->find() C:\wamp\www\controlPanel\preference.php:15

[01-Mar-2013 19:02:58 UTC] PHP Fatal error:  Call to a member function find() on a non-object in C:\wamp\www\controlPanel\bin\database.php on line 35

[01-Mar-2013 19:02:58 UTC] PHP Stack trace:

[01-Mar-2013 19:02:58 UTC] PHP   1. {main}() C:\wamp\www\controlPanel\preference.php:0

[01-Mar-2013 19:02:58 UTC] PHP   2. MGDatabase->find() C:\wamp\www\controlPanel\preference.php:15

[01-Mar-2013 19:03:09 UTC] PHP Notice:  cannot connect to database in C:\wamp\www\controlPanel\bin\database.php on line 18

[01-Mar-2013 19:03:09 UTC] PHP Stack trace:

[01-Mar-2013 19:03:09 UTC] PHP   1. {main}() C:\wamp\www\controlPanel\process.php:0

[01-Mar-2013 19:03:09 UTC] PHP   2. MGDatabase->__construct() C:\wamp\www\controlPanel\process.php:22

[01-Mar-2013 19:03:10 UTC] PHP   3. trigger_error() C:\wamp\www\controlPanel\bin\database.php:18

[01-Mar-2013 19:03:10 UTC] PHP Notice:  Trying to get property of non-object in C:\wamp\www\controlPanel\bin\database.php on line 41

[01-Mar-2013 19:03:10 UTC] PHP Stack trace:

[01-Mar-2013 19:03:10 UTC] PHP   1. {main}() C:\wamp\www\controlPanel\process.php:0

[01-Mar-2013 19:03:10 UTC] PHP   2. MGDatabase->update() C:\wamp\www\controlPanel\process.php:23

[01-Mar-2013 19:03:10 UTC] PHP Fatal error:  Call to a member function update() on a non-object in C:\wamp\www\controlPanel\bin\database.php on line 45

[01-Mar-2013 19:03:10 UTC] PHP Stack trace:

[01-Mar-2013 19:03:10 UTC] PHP   1. {main}() C:\wamp\www\controlPanel\process.php:0

[01-Mar-2013 19:03:10 UTC] PHP   2. MGDatabase->update() C:\wamp\www\controlPanel\process.php:23

[01-Mar-2013 19:03:22 UTC] PHP Notice:  cannot connect to database in C:\wamp\www\controlPanel\bin\database.php on line 18

[01-Mar-2013 19:03:22 UTC] PHP Stack trace:

[01-Mar-2013 19:03:22 UTC] PHP   1. {main}() C:\wamp\www\controlPanel\process.php:0

[01-Mar-2013 19:03:22 UTC] PHP   2. MGDatabase->__construct() C:\wamp\www\controlPanel\process.php:22

[01-Mar-2013 19:03:22 UTC] PHP   3. trigger_error() C:\wamp\www\controlPanel\bin\database.php:18

[01-Mar-2013 19:03:22 UTC] PHP Notice:  Trying to get property of non-object in C:\wamp\www\controlPanel\bin\database.php on line 41

[01-Mar-2013 19:03:22 UTC] PHP Stack trace:

[01-Mar-2013 19:03:22 UTC] PHP   1. {main}() C:\wamp\www\controlPanel\process.php:0

[01-Mar-2013 19:03:22 UTC] PHP   2. MGDatabase->update() C:\wamp\www\controlPanel\process.php:23

[01-Mar-2013 19:03:22 UTC] PHP Fatal error:  Call to a member function update() on a non-object in C:\wamp\www\controlPanel\bin\database.php on line 45

[01-Mar-2013 19:03:22 UTC] PHP Stack trace:

[01-Mar-2013 19:03:22 UTC] PHP   1. {main}() C:\wamp\www\controlPanel\process.php:0

[01-Mar-2013 19:03:22 UTC] PHP   2. MGDatabase->update() C:\wamp\www\controlPanel\process.php:23

[01-Mar-2013 19:26:59 UTC] PHP Notice:  cannot connect to database in C:\wamp\www\controlPanel\bin\database.php on line 18

[01-Mar-2013 19:26:59 UTC] PHP Stack trace:

[01-Mar-2013 19:26:59 UTC] PHP   1. {main}() C:\wamp\www\controlPanel\process.php:0

[01-Mar-2013 19:26:59 UTC] PHP   2. MGDatabase->__construct() C:\wamp\www\controlPanel\process.php:22

[01-Mar-2013 19:26:59 UTC] PHP   3. trigger_error() C:\wamp\www\controlPanel\bin\database.php:18

[01-Mar-2013 19:26:59 UTC] PHP Notice:  Trying to get property of non-object in C:\wamp\www\controlPanel\bin\database.php on line 41

[01-Mar-2013 19:26:59 UTC] PHP Stack trace:

[01-Mar-2013 19:26:59 UTC] PHP   1. {main}() C:\wamp\www\controlPanel\process.php:0

[01-Mar-2013 19:26:59 UTC] PHP   2. MGDatabase->update() C:\wamp\www\controlPanel\process.php:23

[01-Mar-2013 19:26:59 UTC] PHP Fatal error:  Call to a member function update() on a non-object in C:\wamp\www\controlPanel\bin\database.php on line 45

[01-Mar-2013 19:26:59 UTC] PHP Stack trace:

[01-Mar-2013 19:26:59 UTC] PHP   1. {main}() C:\wamp\www\controlPanel\process.php:0

[01-Mar-2013 19:26:59 UTC] PHP   2. MGDatabase->update() C:\wamp\www\controlPanel\process.php:23

[01-Mar-2013 19:32:08 UTC] PHP Notice:  cannot connect to database in C:\wamp\www\controlPanel\bin\database.php on line 17

[01-Mar-2013 19:32:08 UTC] PHP Stack trace:

[01-Mar-2013 19:32:08 UTC] PHP   1. {main}() C:\wamp\www\controlPanel\change_key.php:0

[01-Mar-2013 19:32:08 UTC] PHP   2. MGDatabase->__construct() C:\wamp\www\controlPanel\change_key.php:13

[01-Mar-2013 19:32:08 UTC] PHP   3. trigger_error() C:\wamp\www\controlPanel\bin\database.php:17

[01-Mar-2013 19:32:08 UTC] PHP Notice:  Trying to get property of non-object in C:\wamp\www\controlPanel\bin\database.php on line 40

[01-Mar-2013 19:32:08 UTC] PHP Stack trace:

[01-Mar-2013 19:32:08 UTC] PHP   1. {main}() C:\wamp\www\controlPanel\change_key.php:0

[01-Mar-2013 19:32:08 UTC] PHP   2. MGDatabase->update() C:\wamp\www\controlPanel\change_key.php:14

[01-Mar-2013 19:32:08 UTC] PHP Fatal error:  Call to a member function update() on a non-object in C:\wamp\www\controlPanel\bin\database.php on line 44

[01-Mar-2013 19:32:08 UTC] PHP Stack trace:

[01-Mar-2013 19:32:08 UTC] PHP   1. {main}() C:\wamp\www\controlPanel\change_key.php:0

[01-Mar-2013 19:32:08 UTC] PHP   2. MGDatabase->update() C:\wamp\www\controlPanel\change_key.php:14

[01-Mar-2013 19:59:29 UTC] PHP Fatal error:  Class 'User' not found in C:\wamp\www\controlPanel\change_key.php on line 18

[01-Mar-2013 19:59:29 UTC] PHP Stack trace:

[01-Mar-2013 19:59:29 UTC] PHP   1. {main}() C:\wamp\www\controlPanel\change_key.php:0

